[C:/Users/Иван/Desktop/gate web/t/backblue.gif]
[C:/Users/Иван/Desktop/gate web/t/fade.gif]
[C:/Users/Иван/Desktop/gate web/t/index.html]
[C:/Users/Иван/Desktop/gate web/t/school9.perm.ru/gate/pics/favicon.ico]
[C:/Users/Иван/Desktop/gate web/t/school9.perm.ru/gate/scripts/core.js]
[C:/Users/Иван/Desktop/gate web/t/school9.perm.ru/gate/scripts/content.js]
[C:/Users/Иван/Desktop/gate web/t/school9.perm.ru/gate/scripts/ipc.js]
[C:/Users/Иван/Desktop/gate web/t/school9.perm.ru/gate/pics/wt_l.gif]
[C:/Users/Иван/Desktop/gate web/t/school9.perm.ru/gate/pics/clear.gif]
[C:/Users/Иван/Desktop/gate web/t/school9.perm.ru/gate/pics/key.gif]
[C:/Users/Иван/Desktop/gate web/t/school9.perm.ru/gate/pics/wt_l_s.gif]
[C:/Users/Иван/Desktop/gate web/t/school9.perm.ru/gate/index.html]
[C:/Users/Иван/Desktop/gate web/t/school9.perm.ru/gate/pics/symbol.gif]
[C:/Users/Иван/Desktop/gate web/t/school9.perm.ru/gate/pics/ssymbol.gif]
[C:/Users/Иван/Desktop/gate web/t/school9.perm.ru/gate/pics/ul_marker.gif]
[C:/Users/Иван/Desktop/gate web/t/school9.perm.ru/gate/pics/square-dark-1x1.gif]
[C:/Users/Иван/Desktop/gate web/t/school9.perm.ru/gate/pics/theme/list.title.gif]
[C:/Users/Иван/Desktop/gate web/t/school9.perm.ru/gate/pics/theme/list.act.gif]
[C:/Users/Иван/Desktop/gate web/t/school9.perm.ru/gate/pics/theme/list.subact.gif]
[C:/Users/Иван/Desktop/gate web/t/school9.perm.ru/gate/pics/theme/frame.tab.d.gif]
[C:/Users/Иван/Desktop/gate web/t/school9.perm.ru/gate/pics/theme/form.title.gif]
[C:/Users/Иван/Desktop/gate web/t/school9.perm.ru/gate/pics/theme/hmenu.gif]
[C:/Users/Иван/Desktop/gate web/t/school9.perm.ru/gate/pics/theme/hmenu.item.gif]
[C:/Users/Иван/Desktop/gate web/t/school9.perm.ru/gate/pics/theme/hmenu.act.gif]
[C:/Users/Иван/Desktop/gate web/t/school9.perm.ru/gate/pics/info_l.gif]
[C:/Users/Иван/Desktop/gate web/t/school9.perm.ru/gate/pics/err.gif]
[C:/Users/Иван/Desktop/gate web/t/school9.perm.ru/gate/pics/separator.gif]
[C:/Users/Иван/Desktop/gate web/t/school9.perm.ru/gate/pics/theme/cats.gif]
[C:/Users/Иван/Desktop/gate web/t/school9.perm.ru/gate/styles/content.css]
[C:/Users/Иван/Desktop/gate web/t/school9.perm.ru/gate/pics/symbol_s.gif]
[C:/Users/Иван/Desktop/gate web/t/school9.perm.ru/gate/styles/pages.css]
[C:/Users/Иван/Desktop/gate web/t/school9.perm.ru/gate/rss.php]
[C:/Users/Иван/Desktop/gate web/t/school9.perm.ru/gate/tester/index9ea3.html]
[C:/Users/Иван/Desktop/gate web/t/school9.perm.ru/gate/articles/trainings/index.html]
[C:/Users/Иван/Desktop/gate web/t/school9.perm.ru/gate/articles/news/index.html]
[C:/Users/Иван/Desktop/gate web/t/school9.perm.ru/gate/articles/FAQ/index.html]
[C:/Users/Иван/Desktop/gate web/t/school9.perm.ru/gate/articles/nicety/index.html]
[C:/Users/Иван/Desktop/gate web/t/school9.perm.ru/gate/articles/rules/index.html]
[C:/Users/Иван/Desktop/gate web/t/school9.perm.ru/gate/articles/about/index.html]
[C:/Users/Иван/Desktop/gate web/t/school9.perm.ru/gate/articles/contacts/index.html]
[C:/Users/Иван/Desktop/gate web/t/school9.perm.ru/gate/resources/downloads/index.html]
[C:/Users/Иван/Desktop/gate web/t/school9.perm.ru/gate/login/index9ea3.html]
[C:/Users/Иван/Desktop/gate web/t/school9.perm.ru/gate/admin/index9ea3.html]
[C:/Users/Иван/Desktop/gate web/t/school9.perm.ru/gate/scripts/dd_form.js]
[C:/Users/Иван/Desktop/gate web/t/school9.perm.ru/gate/inc/stuff/captcha/data.gif]
[C:/Users/Иван/Desktop/gate web/t/school9.perm.ru/gate/login/registration/index.html]
[C:/Users/Иван/Desktop/gate web/t/school9.perm.ru/gate/articles/news/text/index56b3.html]
[C:/Users/Иван/Desktop/gate web/t/school9.perm.ru/gate/pics/construction.gif]
[C:/Users/Иван/Desktop/gate web/t/school9.perm.ru/gate/login/viewuser/indexf7a8.html]
[C:/Users/Иван/Desktop/gate web/t/school9.perm.ru/gate/articles/news/text/index3352.html]
[C:/Users/Иван/Desktop/gate web/t/school9.perm.ru/gate/tester/login/index9ea3.html]
[C:/Users/Иван/Desktop/gate web/t/school9.perm.ru/gate/tester/index22bd.html]
[C:/Users/Иван/Desktop/gate web/t/school9.perm.ru/gate/login/index22bd.html]
[C:/Users/Иван/Desktop/gate web/t/school9.perm.ru/gate/admin/index22bd.html]
[C:/Users/Иван/Desktop/gate web/t/school9.perm.ru/gate/storage/image/data_0002.html]
[C:/Users/Иван/Desktop/gate web/t/school9.perm.ru/gate/login/indexe246.html]
